c:\users\19\desktop\hayeonsu-20161202t085515z\hayeonsu\debug\hayeonsu.pch
c:\users\19\desktop\hayeonsu-20161202t085515z\hayeonsu\debug\vc140.pdb
c:\users\19\desktop\hayeonsu-20161202t085515z\hayeonsu\debug\vc140.idb
c:\users\19\desktop\hayeonsu-20161202t085515z\hayeonsu\debug\stdafx.obj
c:\users\19\desktop\hayeonsu-20161202t085515z\hayeonsu\debug\hayeonsu.obj
c:\users\19\desktop\hayeonsu-20161202t085515z\hayeonsu\debug\hayeonsudoc.obj
c:\users\19\desktop\hayeonsu-20161202t085515z\hayeonsu\debug\hayeonsuview.obj
c:\users\19\desktop\hayeonsu-20161202t085515z\hayeonsu\debug\info.obj
c:\users\19\desktop\hayeonsu-20161202t085515z\hayeonsu\debug\mainfrm.obj
c:\users\19\desktop\hayeonsu-20161202t085515z\hayeonsu\debug\object.obj
c:\users\19\desktop\hayeonsu-20161202t085515z\hayeonsu\debug\sound.obj
c:\users\19\desktop\hayeonsu-20161202t085515z\hayeonsu\debug\legend.obj
c:\users\19\desktop\hayeonsu-20161202t085515z\hayeonsu\debug\user.obj
c:\users\19\desktop\hayeonsu-20161202t085515z\hayeonsu\debug\hayeonsu.ilk
c:\users\19\desktop\hayeonsu-20161202t085515z\hayeonsu\debug\hayeonsu.exe
c:\users\19\desktop\hayeonsu-20161202t085515z\hayeonsu\debug\hayeonsu.pdb
c:\users\19\desktop\hayeonsu-20161202t085515z\hayeonsu\debug\hayeonsu.res
c:\users\19\desktop\hayeonsu-20161202t085515z\hayeonsu\debug\bufferdc.obj
c:\users\19\desktop\hayeonsu-20161202t085515z\hayeonsu\debug\collision.obj
c:\users\19\desktop\hayeonsu-20161202t085515z\hayeonsu\debug\cwebbrowser2.obj
c:\users\19\desktop\hayeonsu-20161202t085515z\hayeonsu\debug\trainer.obj
c:\users\19\desktop\hayeonsu-20161202t085515z\hayeonsu\debug\webbrowserdlg.obj
c:\users\19\desktop\hayeonsu-20161202t085515z\hayeonsu\debug\vc120.idb
c:\users\19\desktop\hayeonsu-20161202t085515z\hayeonsu\debug\vc120.pdb
c:\users\19\desktop\hayeonsu-20161202t085515z\hayeonsu\debug\hayeonsu.tlog\cl.command.1.tlog
c:\users\19\desktop\hayeonsu-20161202t085515z\hayeonsu\debug\hayeonsu.tlog\cl.read.1.tlog
c:\users\19\desktop\hayeonsu-20161202t085515z\hayeonsu\debug\hayeonsu.tlog\cl.write.1.tlog
c:\users\19\desktop\hayeonsu-20161202t085515z\hayeonsu\debug\hayeonsu.tlog\link.command.1.tlog
c:\users\19\desktop\hayeonsu-20161202t085515z\hayeonsu\debug\hayeonsu.tlog\link.read.1.tlog
c:\users\19\desktop\hayeonsu-20161202t085515z\hayeonsu\debug\hayeonsu.tlog\link.write.1.tlog
c:\users\19\desktop\hayeonsu-20161202t085515z\hayeonsu\debug\hayeonsu.tlog\rc.command.1.tlog
c:\users\19\desktop\hayeonsu-20161202t085515z\hayeonsu\debug\hayeonsu.tlog\rc.read.1.tlog
c:\users\19\desktop\hayeonsu-20161202t085515z\hayeonsu\debug\hayeonsu.tlog\rc.write.1.tlog
